# JRE version: Java(TM) SE Runtime Environment (8.0_111-b14) (build 1.8.0_111-b14)
# Java VM: Java HotSpot(TM) 64-Bit Server VM (25.111-b14 mixed mode linux-amd64 compressed oops)
Heap:
 PSYoungGen      total 205312K, used 351K [0x00000000eb800000, 0x00000000f8c00000, 0x0000000100000000)
  eden space 194048K, 0% used [0x00000000eb800000,0x00000000eb800000,0x00000000f7580000)
  from space 11264K, 3% used [0x00000000f7580000,0x00000000f75d7ec0,0x00000000f8080000)
  to   space 10752K, 0% used [0x00000000f8080000,0x00000000f8080000,0x00000000f8b00000)
 ParOldGen       total 42496K, used 23818K [0x00000000c2800000, 0x00000000c5180000, 0x00000000eb800000)
  object space 42496K, 56% used [0x00000000c2800000,0x00000000c3f42be8,0x00000000c5180000)
 Metaspace       used 5678K, capacity 5948K, committed 6144K, reserved 1056768K
  class space    used 661K, capacity 750K, committed 768K, reserved 1048576K
GC Heap History (10 events):
Event: 0.729 GC heap after
Heap after GC invocations=6 (full 0):
 PSYoungGen      total 64000K, used 1504K [0x00000000eb800000, 0x00000000efb00000, 0x0000000100000000)
  eden space 62464K, 0% used [0x00000000eb800000,0x00000000eb800000,0x00000000ef500000)
  from space 1536K, 97% used [0x00000000ef780000,0x00000000ef8f8030,0x00000000ef900000)
  to   space 2560K, 0% used [0x00000000ef500000,0x00000000ef500000,0x00000000ef780000)
 ParOldGen       total 42496K, used 1848K [0x00000000c2800000, 0x00000000c5180000, 0x00000000eb800000)
  object space 42496K, 4% used [0x00000000c2800000,0x00000000c29ce000,0x00000000c5180000)
 Metaspace       used 3985K, capacity 5336K, committed 5504K, reserved 1056768K
  class space    used 464K, capacity 520K, committed 640K, reserved 1048576K
}
Event: 1.326 GC heap before
{Heap before GC invocations=7 (full 0):
 PSYoungGen      total 64000K, used 63968K [0x00000000eb800000, 0x00000000efb00000, 0x0000000100000000)
  eden space 62464K, 100% used [0x00000000eb800000,0x00000000ef500000,0x00000000ef500000)
  from space 1536K, 97% used [0x00000000ef780000,0x00000000ef8f8030,0x00000000ef900000)
  to   space 2560K, 0% used [0x00000000ef500000,0x00000000ef500000,0x00000000ef780000)
 ParOldGen       total 42496K, used 1848K [0x00000000c2800000, 0x00000000c5180000, 0x00000000eb800000)
  object space 42496K, 4% used [0x00000000c2800000,0x00000000c29ce000,0x00000000c5180000)
 Metaspace       used 3995K, capacity 5336K, committed 5504K, reserved 1056768K
  class space    used 464K, capacity 520K, committed 640K, reserved 1048576K
Event: 1.336 GC heap after
Heap after GC invocations=7 (full 0):
 PSYoungGen      total 65024K, used 2560K [0x00000000eb800000, 0x00000000f3c00000, 0x0000000100000000)
  eden space 62464K, 0% used [0x00000000eb800000,0x00000000eb800000,0x00000000ef500000)
  from space 2560K, 100% used [0x00000000ef500000,0x00000000ef780000,0x00000000ef780000)
  to   space 5120K, 0% used [0x00000000f3700000,0x00000000f3700000,0x00000000f3c00000)
 ParOldGen       total 42496K, used 5834K [0x00000000c2800000, 0x00000000c5180000, 0x00000000eb800000)
  object space 42496K, 13% used [0x00000000c2800000,0x00000000c2db2bc8,0x00000000c5180000)
 Metaspace       used 3995K, capacity 5336K, committed 5504K, reserved 1056768K
  class space    used 464K, capacity 520K, committed 640K, reserved 1048576K
}
Event: 1.587 GC heap before
{Heap before GC invocations=8 (full 0):
 PSYoungGen      total 65024K, used 65024K [0x00000000eb800000, 0x00000000f3c00000, 0x0000000100000000)
  eden space 62464K, 100% used [0x00000000eb800000,0x00000000ef500000,0x00000000ef500000)
  from space 2560K, 100% used [0x00000000ef500000,0x00000000ef780000,0x00000000ef780000)
  to   space 5120K, 0% used [0x00000000f3700000,0x00000000f3700000,0x00000000f3c00000)
 ParOldGen       total 42496K, used 5834K [0x00000000c2800000, 0x00000000c5180000, 0x00000000eb800000)
  object space 42496K, 13% used [0x00000000c2800000,0x00000000c2db2bc8,0x00000000c5180000)
 Metaspace       used 3998K, capacity 5400K, committed 5760K, reserved 1056768K
  class space    used 464K, capacity 520K, committed 640K, reserved 1048576K
Event: 1.616 GC heap after
Heap after GC invocations=8 (full 0):
 PSYoungGen      total 126464K, used 5088K [0x00000000eb800000, 0x00000000f4300000, 0x0000000100000000)
  eden space 121344K, 0% used [0x00000000eb800000,0x00000000eb800000,0x00000000f2e80000)
  from space 5120K, 99% used [0x00000000f3700000,0x00000000f3bf8020,0x00000000f3c00000)
  to   space 8704K, 0% used [0x00000000f2e80000,0x00000000f2e80000,0x00000000f3700000)
 ParOldGen       total 42496K, used 11642K [0x00000000c2800000, 0x00000000c5180000, 0x00000000eb800000)
  object space 42496K, 27% used [0x00000000c2800000,0x00000000c335ebc8,0x00000000c5180000)
 Metaspace       used 3998K, capacity 5400K, committed 5760K, reserved 1056768K
  class space    used 464K, capacity 520K, committed 640K, reserved 1048576K
}
Event: 1.866 GC heap before
{Heap before GC invocations=9 (full 0):
 PSYoungGen      total 126464K, used 126432K [0x00000000eb800000, 0x00000000f4300000, 0x0000000100000000)
  eden space 121344K, 100% used [0x00000000eb800000,0x00000000f2e80000,0x00000000f2e80000)
  from space 5120K, 99% used [0x00000000f3700000,0x00000000f3bf8020,0x00000000f3c00000)
  to   space 8704K, 0% used [0x00000000f2e80000,0x00000000f2e80000,0x00000000f3700000)
 ParOldGen       total 42496K, used 11642K [0x00000000c2800000, 0x00000000c5180000, 0x00000000eb800000)
  object space 42496K, 27% used [0x00000000c2800000,0x00000000c335ebc8,0x00000000c5180000)
 Metaspace       used 4019K, capacity 5400K, committed 5760K, reserved 1056768K
  class space    used 464K, capacity 520K, committed 640K, reserved 1048576K
Event: 1.878 GC heap after
Heap after GC invocations=9 (full 0):
 PSYoungGen      total 130048K, used 8672K [0x00000000eb800000, 0x00000000f8b00000, 0x0000000100000000)
  eden space 121344K, 0% used [0x00000000eb800000,0x00000000eb800000,0x00000000f2e80000)
  from space 8704K, 99% used [0x00000000f2e80000,0x00000000f36f8020,0x00000000f3700000)
  to   space 10752K, 0% used [0x00000000f8080000,0x00000000f8080000,0x00000000f8b00000)
 ParOldGen       total 42496K, used 12018K [0x00000000c2800000, 0x00000000c5180000, 0x00000000eb800000)
  object space 42496K, 28% used [0x00000000c2800000,0x00000000c33bcbc8,0x00000000c5180000)
 Metaspace       used 4019K, capacity 5400K, committed 5760K, reserved 1056768K
  class space    used 464K, capacity 520K, committed 640K, reserved 1048576K
}
Event: 2.239 GC heap before
{Heap before GC invocations=10 (full 0):
 PSYoungGen      total 130048K, used 130016K [0x00000000eb800000, 0x00000000f8b00000, 0x0000000100000000)
  eden space 121344K, 100% used [0x00000000eb800000,0x00000000f2e80000,0x00000000f2e80000)
  from space 8704K, 99% used [0x00000000f2e80000,0x00000000f36f8020,0x00000000f3700000)
  to   space 10752K, 0% used [0x00000000f8080000,0x00000000f8080000,0x00000000f8b00000)
 ParOldGen       total 42496K, used 12018K [0x00000000c2800000, 0x00000000c5180000, 0x00000000eb800000)
  object space 42496K, 28% used [0x00000000c2800000,0x00000000c33bcbc8,0x00000000c5180000)
 Metaspace       used 5588K, capacity 5948K, committed 6144K, reserved 1056768K
  class space    used 661K, capacity 750K, committed 768K, reserved 1048576K
Event: 2.284 GC heap after
Heap after GC invocations=10 (full 0):
 PSYoungGen      total 204800K, used 6961K [0x00000000eb800000, 0x00000000f8c00000, 0x0000000100000000)
  eden space 194048K, 0% used [0x00000000eb800000,0x00000000eb800000,0x00000000f7580000)
  from space 10752K, 64% used [0x00000000f8080000,0x00000000f874c4e8,0x00000000f8b00000)
  to   space 11264K, 0% used [0x00000000f7580000,0x00000000f7580000,0x00000000f8080000)
 ParOldGen       total 42496K, used 16986K [0x00000000c2800000, 0x00000000c5180000, 0x00000000eb800000)
  object space 42496K, 39% used [0x00000000c2800000,0x00000000c3896bd8,0x00000000c5180000)
 Metaspace       used 5588K, capacity 5948K, committed 6144K, reserved 1056768K
  class space    used 661K, capacity 750K, committed 768K, reserved 1048576K
}
Event: 4.101 GC heap before
{Heap before GC invocations=11 (full 0):
 PSYoungGen      total 204800K, used 201009K [0x00000000eb800000, 0x00000000f8c00000, 0x0000000100000000)
  eden space 194048K, 100% used [0x00000000eb800000,0x00000000f7580000,0x00000000f7580000)
  from space 10752K, 64% used [0x00000000f8080000,0x00000000f874c4e8,0x00000000f8b00000)
  to   space 11264K, 0% used [0x00000000f7580000,0x00000000f7580000,0x00000000f8080000)
 ParOldGen       total 42496K, used 16986K [0x00000000c2800000, 0x00000000c5180000, 0x00000000eb800000)
  object space 42496K, 39% used [0x00000000c2800000,0x00000000c3896bd8,0x00000000c5180000)
 Metaspace       used 5678K, capacity 5948K, committed 6144K, reserved 1056768K
  class space    used 661K, capacity 750K, committed 768K, reserved 1048576K

