# JRE version: Java(TM) SE Runtime Environment (8.0_111-b14) (build 1.8.0_111-b14)
# Java VM: Java HotSpot(TM) 64-Bit Server VM (25.111-b14 mixed mode linux-amd64 compressed oops)
Heap:
 PSYoungGen      total 239104K, used 30208K [0x00000000eb800000, 0x00000000fc600000, 0x0000000100000000)
  eden space 208896K, 0% used [0x00000000eb800000,0x00000000eb800000,0x00000000f8400000)
  from space 30208K, 100% used [0x00000000f8b00000,0x00000000fa880000,0x00000000fa880000)
  to   space 24064K, 0% used [0x00000000fae80000,0x00000000fae80000,0x00000000fc600000)
 ParOldGen       total 35840K, used 25207K [0x00000000c2800000, 0x00000000c4b00000, 0x00000000eb800000)
  object space 35840K, 70% used [0x00000000c2800000,0x00000000c409dd58,0x00000000c4b00000)
 Metaspace       used 4027K, capacity 5400K, committed 5760K, reserved 1056768K
  class space    used 463K, capacity 520K, committed 640K, reserved 1048576K
GC Heap History (10 events):
Event: 1.091 GC heap after
Heap after GC invocations=5 (full 0):
 PSYoungGen      total 66048K, used 2544K [0x00000000eb800000, 0x00000000f4600000, 0x0000000100000000)
  eden space 63488K, 0% used [0x00000000eb800000,0x00000000eb800000,0x00000000ef600000)
  from space 2560K, 99% used [0x00000000ef600000,0x00000000ef87c020,0x00000000ef880000)
  to   space 9216K, 0% used [0x00000000f3d00000,0x00000000f3d00000,0x00000000f4600000)
 ParOldGen       total 42496K, used 8757K [0x00000000c2800000, 0x00000000c5180000, 0x00000000eb800000)
  object space 42496K, 20% used [0x00000000c2800000,0x00000000c308d558,0x00000000c5180000)
 Metaspace       used 4012K, capacity 5400K, committed 5760K, reserved 1056768K
  class space    used 463K, capacity 520K, committed 640K, reserved 1048576K
}
Event: 1.261 GC heap before
{Heap before GC invocations=6 (full 0):
 PSYoungGen      total 66048K, used 66032K [0x00000000eb800000, 0x00000000f4600000, 0x0000000100000000)
  eden space 63488K, 100% used [0x00000000eb800000,0x00000000ef600000,0x00000000ef600000)
  from space 2560K, 99% used [0x00000000ef600000,0x00000000ef87c020,0x00000000ef880000)
  to   space 9216K, 0% used [0x00000000f3d00000,0x00000000f3d00000,0x00000000f4600000)
 ParOldGen       total 42496K, used 8757K [0x00000000c2800000, 0x00000000c5180000, 0x00000000eb800000)
  object space 42496K, 20% used [0x00000000c2800000,0x00000000c308d558,0x00000000c5180000)
 Metaspace       used 4014K, capacity 5400K, committed 5760K, reserved 1056768K
  class space    used 463K, capacity 520K, committed 640K, reserved 1048576K
Event: 1.293 GC heap after
Heap after GC invocations=6 (full 0):
 PSYoungGen      total 123392K, used 9216K [0x00000000eb800000, 0x00000000f5f00000, 0x0000000100000000)
  eden space 114176K, 0% used [0x00000000eb800000,0x00000000eb800000,0x00000000f2780000)
  from space 9216K, 100% used [0x00000000f3d00000,0x00000000f4600000,0x00000000f4600000)
  to   space 22016K, 0% used [0x00000000f2780000,0x00000000f2780000,0x00000000f3d00000)
 ParOldGen       total 42496K, used 27653K [0x00000000c2800000, 0x00000000c5180000, 0x00000000eb800000)
  object space 42496K, 65% used [0x00000000c2800000,0x00000000c4301768,0x00000000c5180000)
 Metaspace       used 4014K, capacity 5400K, committed 5760K, reserved 1056768K
  class space    used 463K, capacity 520K, committed 640K, reserved 1048576K
}
Event: 1.516 GC heap before
{Heap before GC invocations=7 (full 0):
 PSYoungGen      total 123392K, used 123392K [0x00000000eb800000, 0x00000000f5f00000, 0x0000000100000000)
  eden space 114176K, 100% used [0x00000000eb800000,0x00000000f2780000,0x00000000f2780000)
  from space 9216K, 100% used [0x00000000f3d00000,0x00000000f4600000,0x00000000f4600000)
  to   space 22016K, 0% used [0x00000000f2780000,0x00000000f2780000,0x00000000f3d00000)
 ParOldGen       total 42496K, used 27653K [0x00000000c2800000, 0x00000000c5180000, 0x00000000eb800000)
  object space 42496K, 65% used [0x00000000c2800000,0x00000000c4301768,0x00000000c5180000)
 Metaspace       used 4015K, capacity 5400K, committed 5760K, reserved 1056768K
  class space    used 463K, capacity 520K, committed 640K, reserved 1048576K
Event: 1.575 GC heap after
Heap after GC invocations=7 (full 0):
 PSYoungGen      total 136192K, used 15552K [0x00000000eb800000, 0x00000000fc600000, 0x0000000100000000)
  eden space 114176K, 0% used [0x00000000eb800000,0x00000000eb800000,0x00000000f2780000)
  from space 22016K, 70% used [0x00000000f2780000,0x00000000f36b0020,0x00000000f3d00000)
  to   space 24064K, 0% used [0x00000000fae80000,0x00000000fae80000,0x00000000fc600000)
 ParOldGen       total 42496K, used 28653K [0x00000000c2800000, 0x00000000c5180000, 0x00000000eb800000)
  object space 42496K, 67% used [0x00000000c2800000,0x00000000c43fb768,0x00000000c5180000)
 Metaspace       used 4015K, capacity 5400K, committed 5760K, reserved 1056768K
  class space    used 463K, capacity 520K, committed 640K, reserved 1048576K
}
Event: 1.575 GC heap before
{Heap before GC invocations=8 (full 1):
 PSYoungGen      total 136192K, used 15552K [0x00000000eb800000, 0x00000000fc600000, 0x0000000100000000)
  eden space 114176K, 0% used [0x00000000eb800000,0x00000000eb800000,0x00000000f2780000)
  from space 22016K, 70% used [0x00000000f2780000,0x00000000f36b0020,0x00000000f3d00000)
  to   space 24064K, 0% used [0x00000000fae80000,0x00000000fae80000,0x00000000fc600000)
 ParOldGen       total 42496K, used 28653K [0x00000000c2800000, 0x00000000c5180000, 0x00000000eb800000)
  object space 42496K, 67% used [0x00000000c2800000,0x00000000c43fb768,0x00000000c5180000)
 Metaspace       used 4015K, capacity 5400K, committed 5760K, reserved 1056768K
  class space    used 463K, capacity 520K, committed 640K, reserved 1048576K
Event: 1.612 GC heap after
Heap after GC invocations=8 (full 1):
 PSYoungGen      total 136192K, used 0K [0x00000000eb800000, 0x00000000fc600000, 0x0000000100000000)
  eden space 114176K, 0% used [0x00000000eb800000,0x00000000eb800000,0x00000000f2780000)
  from space 22016K, 0% used [0x00000000f2780000,0x00000000f2780000,0x00000000f3d00000)
  to   space 24064K, 0% used [0x00000000fae80000,0x00000000fae80000,0x00000000fc600000)
 ParOldGen       total 35840K, used 2439K [0x00000000c2800000, 0x00000000c4b00000, 0x00000000eb800000)
  object space 35840K, 6% used [0x00000000c2800000,0x00000000c2a61d28,0x00000000c4b00000)
 Metaspace       used 4015K, capacity 5400K, committed 5760K, reserved 1056768K
  class space    used 463K, capacity 520K, committed 640K, reserved 1048576K
}
Event: 1.754 GC heap before
{Heap before GC invocations=9 (full 1):
 PSYoungGen      total 136192K, used 114176K [0x00000000eb800000, 0x00000000fc600000, 0x0000000100000000)
  eden space 114176K, 100% used [0x00000000eb800000,0x00000000f2780000,0x00000000f2780000)
  from space 22016K, 0% used [0x00000000f2780000,0x00000000f2780000,0x00000000f3d00000)
  to   space 24064K, 0% used [0x00000000fae80000,0x00000000fae80000,0x00000000fc600000)
 ParOldGen       total 35840K, used 2439K [0x00000000c2800000, 0x00000000c4b00000, 0x00000000eb800000)
  object space 35840K, 6% used [0x00000000c2800000,0x00000000c2a61d28,0x00000000c4b00000)
 Metaspace       used 4026K, capacity 5400K, committed 5760K, reserved 1056768K
  class space    used 463K, capacity 520K, committed 640K, reserved 1048576K
Event: 1.785 GC heap after
Heap after GC invocations=9 (full 1):
 PSYoungGen      total 232960K, used 24032K [0x00000000eb800000, 0x00000000fc600000, 0x0000000100000000)
  eden space 208896K, 0% used [0x00000000eb800000,0x00000000eb800000,0x00000000f8400000)
  from space 24064K, 99% used [0x00000000fae80000,0x00000000fc5f8020,0x00000000fc600000)
  to   space 30208K, 0% used [0x00000000f8b00000,0x00000000f8b00000,0x00000000fa880000)
 ParOldGen       total 35840K, used 5559K [0x00000000c2800000, 0x00000000c4b00000, 0x00000000eb800000)
  object space 35840K, 15% used [0x00000000c2800000,0x00000000c2d6dd28,0x00000000c4b00000)
 Metaspace       used 4026K, capacity 5400K, committed 5760K, reserved 1056768K
  class space    used 463K, capacity 520K, committed 640K, reserved 1048576K
}
Event: 2.052 GC heap before
{Heap before GC invocations=10 (full 1):
 PSYoungGen      total 232960K, used 232928K [0x00000000eb800000, 0x00000000fc600000, 0x0000000100000000)
  eden space 208896K, 100% used [0x00000000eb800000,0x00000000f8400000,0x00000000f8400000)
  from space 24064K, 99% used [0x00000000fae80000,0x00000000fc5f8020,0x00000000fc600000)
  to   space 30208K, 0% used [0x00000000f8b00000,0x00000000f8b00000,0x00000000fa880000)
 ParOldGen       total 35840K, used 5559K [0x00000000c2800000, 0x00000000c4b00000, 0x00000000eb800000)
  object space 35840K, 15% used [0x00000000c2800000,0x00000000c2d6dd28,0x00000000c4b00000)
 Metaspace       used 4027K, capacity 5400K, committed 5760K, reserved 1056768K
  class space    used 463K, capacity 520K, committed 640K, reserved 1048576K

